2016-07-06T23:06:50.670Z - info: { __v: 0,
  _id: 577d8f08e521ce6763b88dba,
  timeOfDay: '18:35',
  dateToSend: 'Wed Jul 06 2016 00:00:00 GMT-0400 (EDT)',
  userID: '575899bd0d81e3ed0c3ce8df',
  subject: 'hey',
  timeToSend: Wed Jul 06 2016 18:35:00 GMT-0400 (EDT),
  receiverEmail: 'mcrowder65@gmail.com,7036356741@vtext.com',
  senderPassword: 'githubtester',
  senderEmail: 'matt.taskmanager@gmail.com' } Error: Invalid login: 535-5.7.8 Username and Password not accepted. Learn more at
535 5.7.8  https://support.google.com/mail/answer/14257 131sm2668506qkf.17 - gsmtp
2016-07-06T23:06:50.675Z - info: { __v: 0,
  _id: 577d8f08e521ce6763b88dba,
  timeOfDay: '18:35',
  dateToSend: 'Wed Jul 06 2016 00:00:00 GMT-0400 (EDT)',
  userID: '575899bd0d81e3ed0c3ce8df',
  subject: 'hey',
  timeToSend: Wed Jul 06 2016 18:35:00 GMT-0400 (EDT),
  receiverEmail: 'mcrowder65@gmail.com,7036356741@vtext.com',
  senderPassword: 'githubtester',
  senderEmail: 'matt.taskmanager@gmail.com' } Error: Invalid login: 535-5.7.8 Username and Password not accepted. Learn more at
535 5.7.8  https://support.google.com/mail/answer/14257 k63sm1117960qte.9 - gsmtp

